Converting 'accs_000_u.odr'...
Sampler 'accs_diff_000_a_uni' did not specify location. Searching...
Could not find a matching path
Sampler 'accs_normal_000' did not specify location. Searching...
Could not find a matching path
Sampler 'accs_spec_000' did not specify location. Searching...
Could not find a matching path
Sampler 'accs_diff_000_a_uni' did not specify location. Searching...
Could not find a matching path
Sampler '*NULL*' is not a valid path
Sampler '*NULL*' is not a valid path
Created accs_000_u.obj, accs_000_u.mtl (0.01 s)
---------------------------------------------
Converting 'decl_000_u.odr'...
Sampler 'decl_diff_000_a_uni' did not specify location. Searching...
Could not find a matching path
Sampler '*NULL*' is not a valid path
Sampler '*NULL*' is not a valid path
Sampler 'decl_diff_000_a_uni' did not specify location. Searching...
Could not find a matching path
Sampler '*NULL*' is not a valid path
Sampler '*NULL*' is not a valid path
Created decl_000_u.obj, decl_000_u.mtl (0.01 s)
---------------------------------------------
Converting 'feet_000_r.odr'...
Sampler 'feet_diff_000_a_whi' did not specify location. Searching...
Could not find a matching path
Sampler 'feet_normal_000' did not specify location. Searching...
Could not find a matching path
Sampler 'feet_spec_000' did not specify location. Searching...
Could not find a matching path
Sampler 'feet_diff_000_a_whi' did not specify location. Searching...
Could not find a matching path
Sampler '*NULL*' is not a valid path
Sampler '*NULL*' is not a valid path
Created feet_000_r.obj, feet_000_r.mtl (0.03 s)
---------------------------------------------
Converting 'hair_000_u.odr'...
Sampler 'hair_diff_000_a_uni' did not specify location. Searching...
Could not find a matching path
Sampler 'hair_normal_000' did not specify location. Searching...
Could not find a matching path
Sampler 'givemechecker' did not specify location. Searching...
Could not find a matching path
Sampler 'hair_diff_000_a_uni' did not specify location. Searching...
Could not find a matching path
Sampler 'hair_normal_000' did not specify location. Searching...
Could not find a matching path
Sampler 'givemechecker' did not specify location. Searching...
Could not find a matching path
Created hair_000_u.obj, hair_000_u.mtl (0.11 s)
---------------------------------------------
Converting 'head_000_r.odr'...
Sampler 'head_diff_000_a_whi' did not specify location. Searching...
Could not find a matching path
Sampler 'head_normal_000' did not specify location. Searching...
Could not find a matching path
Sampler 'head_spec_000' did not specify location. Searching...
Could not find a matching path
Sampler 'head_diff_000_a_whi' did not specify location. Searching...
Could not find a matching path
Sampler '*NULL*' is not a valid path
Sampler '*NULL*' is not a valid path
Created head_000_r.obj, head_000_r.mtl (0.06 s)
---------------------------------------------
Converting 'jbib_000_u.odr'...
Sampler 'jbib_diff_000_a_uni' did not specify location. Searching...
Could not find a matching path
Sampler 'jbib_normal_000' did not specify location. Searching...
Could not find a matching path
Sampler 'jbib_spec_000' did not specify location. Searching...
Could not find a matching path
Sampler 'jbib_diff_000_a_uni' did not specify location. Searching...
Could not find a matching path
Sampler '*NULL*' is not a valid path
Sampler '*NULL*' is not a valid path
Created jbib_000_u.obj, jbib_000_u.mtl (0.03 s)
---------------------------------------------
Converting 'lowr_000_r.odr'...
Sampler 'lowr_diff_000_a_whi' did not specify location. Searching...
Could not find a matching path
Sampler 'lowr_normal_000' did not specify location. Searching...
Could not find a matching path
Sampler 'lowr_spec_000' did not specify location. Searching...
Could not find a matching path
Sampler 'lowr_diff_000_a_whi' did not specify location. Searching...
Could not find a matching path
Sampler '*NULL*' is not a valid path
Sampler '*NULL*' is not a valid path
Created lowr_000_r.obj, lowr_000_r.mtl (0.04 s)
---------------------------------------------
Converting 'uppr_000_r.odr'...
Sampler 'uppr_diff_000_a_whi' did not specify location. Searching...
Could not find a matching path
Sampler 'uppr_normal_000' did not specify location. Searching...
Could not find a matching path
Sampler 'uppr_spec_000' did not specify location. Searching...
Could not find a matching path
Sampler 'uppr_diff_000_a_whi' did not specify location. Searching...
Could not find a matching path
Sampler '*NULL*' is not a valid path
Sampler '*NULL*' is not a valid path
Created uppr_000_r.obj, uppr_000_r.mtl (0.13 s)
---------------------------------------------
