Converting 'accs_000_u.odr'...
Sampler 'accs_diff_000_a_uni' did not specify location. Searching...
Could not find a matching path
Sampler 'accs_normal_000' did not specify location. Searching...
Could not find a matching path
Sampler 'accs_spec_000' did not specify location. Searching...
Could not find a matching path
Sampler 'accs_diff_000_a_uni' did not specify location. Searching...
Could not find a matching path
Sampler '*NULL*' is not a valid path
Sampler '*NULL*' is not a valid path
Created accs_000_u.obj, accs_000_u.mtl (0.03 s)
---------------------------------------------
Converting 'accs_001_u.odr'...
Sampler 'accs_diff_001_a_uni' did not specify location. Searching...
Could not find a matching path
Sampler 'dummy_normal' did not specify location. Searching...
Could not find a matching path
Sampler 'dummy_spec' did not specify location. Searching...
Could not find a matching path
Sampler 'accs_diff_001_a_uni' did not specify location. Searching...
Could not find a matching path
Sampler '*NULL*' is not a valid path
Sampler '*NULL*' is not a valid path
Created accs_001_u.obj, accs_001_u.mtl (0.03 s)
---------------------------------------------
Converting 'accs_002_u.odr'...
Sampler 'accs_diff_002_a_uni' did not specify location. Searching...
Could not find a matching path
Sampler 'accs_normal_002' did not specify location. Searching...
Could not find a matching path
Sampler 'accs_spec_002' did not specify location. Searching...
Could not find a matching path
Sampler 'accs_diff_002_a_uni' did not specify location. Searching...
Could not find a matching path
Sampler '*NULL*' is not a valid path
Sampler '*NULL*' is not a valid path
Created accs_002_u.obj, accs_002_u.mtl (0.03 s)
---------------------------------------------
Converting 'accs_003_u.odr'...
Sampler 'accs_diff_003_a_uni' did not specify location. Searching...
Could not find a matching path
Sampler 'dummy_normal' did not specify location. Searching...
Could not find a matching path
Sampler 'dummy_spec' did not specify location. Searching...
Could not find a matching path
Sampler 'accs_diff_003_a_uni' did not specify location. Searching...
Could not find a matching path
Sampler '*NULL*' is not a valid path
Sampler '*NULL*' is not a valid path
Created accs_003_u.obj, accs_003_u.mtl (0.21 s)
---------------------------------------------
Converting 'accs_004_u.odr'...
Sampler 'accs_diff_004_a_uni' did not specify location. Searching...
Could not find a matching path
Sampler 'accs_normal_004' did not specify location. Searching...
Could not find a matching path
Sampler 'accs_spec_004' did not specify location. Searching...
Could not find a matching path
Sampler 'accs_diff_004_a_uni' did not specify location. Searching...
Could not find a matching path
Sampler '*NULL*' is not a valid path
Sampler '*NULL*' is not a valid path
Created accs_004_u.obj, accs_004_u.mtl (0.05 s)
---------------------------------------------
Converting 'hair_000_u.odr'...
Sampler 'hair_diff_000_a_uni' did not specify location. Searching...
Could not find a matching path
Sampler 'hair_normal_000' did not specify location. Searching...
Could not find a matching path
Sampler 'long_hair_noise' did not specify location. Searching...
Could not find a matching path
Sampler 'hair_diff_000_a_uni' did not specify location. Searching...
Could not find a matching path
Sampler 'hair_normal_000' did not specify location. Searching...
Could not find a matching path
Sampler 'long_hair_noise' did not specify location. Searching...
Could not find a matching path
Sampler 'hair_diff_000_a_uni' did not specify location. Searching...
Could not find a matching path
Sampler '*NULL*' is not a valid path
Sampler '*NULL*' is not a valid path
Created hair_000_u.obj, hair_000_u.mtl (0.12 s)
---------------------------------------------
Converting 'hair_001_r.odr'...
Sampler 'hair_diff_001_a_pak' did not specify location. Searching...
Could not find a matching path
Sampler 'Hair_normal_001' did not specify location. Searching...
Could not find a matching path
Sampler 'long_hair_noise' did not specify location. Searching...
Could not find a matching path
Sampler 'hair_diff_001_a_pak' did not specify location. Searching...
Could not find a matching path
Sampler 'Hair_normal_001' did not specify location. Searching...
Could not find a matching path
Sampler 'long_hair_noise' did not specify location. Searching...
Could not find a matching path
Sampler 'hair_diff_001_a_pak' did not specify location. Searching...
Could not find a matching path
Sampler '*NULL*' is not a valid path
Sampler '*NULL*' is not a valid path
Created hair_001_r.obj, hair_001_r.mtl (0.12 s)
---------------------------------------------
Converting 'hair_002_r.odr'...
Sampler 'hair_diff_002_a_lat' did not specify location. Searching...
Could not find a matching path
Sampler 'hair_normal_002' did not specify location. Searching...
Could not find a matching path
Sampler 'long_hair_noise' did not specify location. Searching...
Could not find a matching path
Sampler 'hair_diff_002_a_lat' did not specify location. Searching...
Could not find a matching path
Sampler 'hair_normal_002' did not specify location. Searching...
Could not find a matching path
Sampler 'long_hair_noise' did not specify location. Searching...
Could not find a matching path
Sampler 'hair_diff_002_a_lat' did not specify location. Searching...
Could not find a matching path
Sampler '*NULL*' is not a valid path
Sampler '*NULL*' is not a valid path
Created hair_002_r.obj, hair_002_r.mtl (0.10 s)
---------------------------------------------
Converting 'hair_003_u.odr'...
Sampler 'hair_diff_003_a_uni' did not specify location. Searching...
Could not find a matching path
Sampler 'hair_normal_003' did not specify location. Searching...
Could not find a matching path
Sampler 'long_hair_noise' did not specify location. Searching...
Could not find a matching path
Sampler 'hair_diff_003_a_uni' did not specify location. Searching...
Could not find a matching path
Sampler 'hair_normal_003' did not specify location. Searching...
Could not find a matching path
Sampler 'long_hair_noise' did not specify location. Searching...
Could not find a matching path
Sampler 'hair_diff_003_a_uni' did not specify location. Searching...
Could not find a matching path
Sampler '*NULL*' is not a valid path
Sampler '*NULL*' is not a valid path
Created hair_003_u.obj, hair_003_u.mtl (0.21 s)
---------------------------------------------
Converting 'hair_004_u.odr'...
Sampler 'hair_diff_004_a_uni' did not specify location. Searching...
Could not find a matching path
Sampler 'hair_normal_004' did not specify location. Searching...
Could not find a matching path
Sampler 'hair_spec_004' did not specify location. Searching...
Could not find a matching path
Sampler 'hair_diff_004_a_uni' did not specify location. Searching...
Could not find a matching path
Sampler 'hair_normal_004' did not specify location. Searching...
Could not find a matching path
Sampler 'long_hair_noise' did not specify location. Searching...
Could not find a matching path
Sampler 'hair_diff_004_a_uni' did not specify location. Searching...
Could not find a matching path
Sampler '*NULL*' is not a valid path
Sampler '*NULL*' is not a valid path
Created hair_004_u.obj, hair_004_u.mtl (0.13 s)
---------------------------------------------
Converting 'head_000_r.odr'...
Sampler 'head_diff_000_a_lat' did not specify location. Searching...
Could not find a matching path
Sampler 'head_normal_000' did not specify location. Searching...
Could not find a matching path
Sampler 'head_spec_000' did not specify location. Searching...
Could not find a matching path
Sampler 'head_diff_000_a_lat' did not specify location. Searching...
Could not find a matching path
Sampler '*NULL*' is not a valid path
Sampler '*NULL*' is not a valid path
Created head_000_r.obj, head_000_r.mtl (0.10 s)
---------------------------------------------
Converting 'head_001_r.odr'...
Sampler 'head_diff_001_a_pak' did not specify location. Searching...
Could not find a matching path
Sampler 'head_normal_001' did not specify location. Searching...
Could not find a matching path
Sampler 'head_spec_001' did not specify location. Searching...
Could not find a matching path
Sampler 'head_diff_001_a_pak' did not specify location. Searching...
Could not find a matching path
Sampler '*NULL*' is not a valid path
Sampler '*NULL*' is not a valid path
Created head_001_r.obj, head_001_r.mtl (0.09 s)
---------------------------------------------
Converting 'head_002_r.odr'...
Sampler 'head_diff_002_a_lat' did not specify location. Searching...
Could not find a matching path
Sampler 'head_normal_002' did not specify location. Searching...
Could not find a matching path
Sampler 'head_spec_002' did not specify location. Searching...
Could not find a matching path
Sampler 'head_diff_002_a_lat' did not specify location. Searching...
Could not find a matching path
Sampler '*NULL*' is not a valid path
Sampler '*NULL*' is not a valid path
Created head_002_r.obj, head_002_r.mtl (0.09 s)
---------------------------------------------
Converting 'head_003_r.odr'...
Sampler 'Head_diff_003_a_bla' did not specify location. Searching...
Could not find a matching path
Sampler 'head_normal_003' did not specify location. Searching...
Could not find a matching path
Sampler 'Head_spec_003' did not specify location. Searching...
Could not find a matching path
Sampler 'Head_diff_003_a_bla' did not specify location. Searching...
Could not find a matching path
Sampler '*NULL*' is not a valid path
Sampler '*NULL*' is not a valid path
Created head_003_r.obj, head_003_r.mtl (0.10 s)
---------------------------------------------
Converting 'head_004_r.odr'...
Sampler 'head_diff_004_a_whi' did not specify location. Searching...
Could not find a matching path
Sampler 'head_normal_004' did not specify location. Searching...
Could not find a matching path
Sampler 'head_spec_004' did not specify location. Searching...
Could not find a matching path
Sampler 'head_diff_004_a_whi' did not specify location. Searching...
Could not find a matching path
Sampler '*NULL*' is not a valid path
Sampler '*NULL*' is not a valid path
Created head_004_r.obj, head_004_r.mtl (0.08 s)
---------------------------------------------
Converting 'lowr_000_u.odr'...
Sampler 'lowr_diff_000_a_uni' did not specify location. Searching...
Could not find a matching path
Sampler 'lowr_normal_000' did not specify location. Searching...
Could not find a matching path
Sampler 'lowr_spec_000' did not specify location. Searching...
Could not find a matching path
Sampler 'lowr_diff_000_a_uni' did not specify location. Searching...
Could not find a matching path
Sampler '*NULL*' is not a valid path
Sampler '*NULL*' is not a valid path
Created lowr_000_u.obj, lowr_000_u.mtl (0.06 s)
---------------------------------------------
Converting 'lowr_001_u.odr'...
Sampler 'lowr_diff_001_a_uni' did not specify location. Searching...
Could not find a matching path
Sampler 'lowr_normal_001' did not specify location. Searching...
Could not find a matching path
Sampler 'lowr_spec_001' did not specify location. Searching...
Could not find a matching path
Sampler 'lowr_diff_001_a_uni' did not specify location. Searching...
Could not find a matching path
Sampler '*NULL*' is not a valid path
Sampler '*NULL*' is not a valid path
Created lowr_001_u.obj, lowr_001_u.mtl (0.05 s)
---------------------------------------------
Converting 'lowr_002_r.odr'...
Sampler 'lowr_diff_002_a_lat' did not specify location. Searching...
Could not find a matching path
Sampler 'lowr_normal_002' did not specify location. Searching...
Could not find a matching path
Sampler 'lowr_spec_002' did not specify location. Searching...
Could not find a matching path
Sampler 'lowr_diff_002_a_lat' did not specify location. Searching...
Could not find a matching path
Sampler '*NULL*' is not a valid path
Sampler '*NULL*' is not a valid path
Created lowr_002_r.obj, lowr_002_r.mtl (0.06 s)
---------------------------------------------
Converting 'lowr_003_r.odr'...
Sampler 'lowr_diff_003_a_whi' did not specify location. Searching...
Could not find a matching path
Sampler 'lowr_normal_003' did not specify location. Searching...
Could not find a matching path
Sampler 'lowr_spec_003' did not specify location. Searching...
Could not find a matching path
Sampler 'lowr_diff_003_a_whi' did not specify location. Searching...
Could not find a matching path
Sampler '*NULL*' is not a valid path
Sampler '*NULL*' is not a valid path
Created lowr_003_r.obj, lowr_003_r.mtl (0.05 s)
---------------------------------------------
Converting 'lowr_004_u.odr'...
Sampler 'lowr_diff_004_a_uni' did not specify location. Searching...
Could not find a matching path
Sampler 'lowr_normal_004' did not specify location. Searching...
Could not find a matching path
Sampler 'lowr_spec_004' did not specify location. Searching...
Could not find a matching path
Sampler 'lowr_diff_004_a_uni' did not specify location. Searching...
Could not find a matching path
Sampler '*NULL*' is not a valid path
Sampler '*NULL*' is not a valid path
Created lowr_004_u.obj, lowr_004_u.mtl (0.09 s)
---------------------------------------------
Converting 'uppr_000_r.odr'...
Sampler 'uppr_diff_000_a_lat' did not specify location. Searching...
Could not find a matching path
Sampler 'uppr_normal_000' did not specify location. Searching...
Could not find a matching path
Sampler 'uppr_spec_000' did not specify location. Searching...
Could not find a matching path
Sampler 'uppr_diff_000_a_lat' did not specify location. Searching...
Could not find a matching path
Sampler '*NULL*' is not a valid path
Sampler '*NULL*' is not a valid path
Created uppr_000_r.obj, uppr_000_r.mtl (0.07 s)
---------------------------------------------
Converting 'uppr_001_r.odr'...
Sampler 'uppr_diff_001_a_pak' did not specify location. Searching...
Could not find a matching path
Sampler 'uppr_normal_001' did not specify location. Searching...
Could not find a matching path
Sampler 'uppr_spec_001' did not specify location. Searching...
Could not find a matching path
Sampler 'uppr_diff_001_a_pak' did not specify location. Searching...
Could not find a matching path
Sampler '*NULL*' is not a valid path
Sampler '*NULL*' is not a valid path
Created uppr_001_r.obj, uppr_001_r.mtl (0.06 s)
---------------------------------------------
Converting 'uppr_002_r.odr'...
Sampler 'uppr_diff_002_a_lat' did not specify location. Searching...
Could not find a matching path
Sampler 'uppr_normal_002' did not specify location. Searching...
Could not find a matching path
Sampler 'uppr_spec_002' did not specify location. Searching...
Could not find a matching path
Sampler 'uppr_diff_002_a_lat' did not specify location. Searching...
Could not find a matching path
Sampler '*NULL*' is not a valid path
Sampler '*NULL*' is not a valid path
Created uppr_002_r.obj, uppr_002_r.mtl (0.07 s)
---------------------------------------------
Converting 'uppr_003_r.odr'...
Sampler 'uppr_diff_003_a_whi' did not specify location. Searching...
Could not find a matching path
Sampler 'uppr_normal_003' did not specify location. Searching...
Could not find a matching path
Sampler 'uppr_spec_003' did not specify location. Searching...
Could not find a matching path
Sampler 'uppr_diff_003_a_whi' did not specify location. Searching...
Could not find a matching path
Sampler '*NULL*' is not a valid path
Sampler '*NULL*' is not a valid path
Created uppr_003_r.obj, uppr_003_r.mtl (0.16 s)
---------------------------------------------
Converting 'uppr_004_r.odr'...
Sampler 'uppr_diff_004_a_whi' did not specify location. Searching...
Could not find a matching path
Sampler 'uppr_normal_004' did not specify location. Searching...
Could not find a matching path
Sampler 'uppr_spec_004' did not specify location. Searching...
Could not find a matching path
Sampler 'uppr_diff_004_a_whi' did not specify location. Searching...
Could not find a matching path
Sampler '*NULL*' is not a valid path
Sampler '*NULL*' is not a valid path
Created uppr_004_r.obj, uppr_004_r.mtl (0.08 s)
---------------------------------------------
